 *** BEGIN MESSAGE ECHO (NIFIMP) 


 *** END MESSAGE ECHO (NIFIMP) 

Beginning Analysis

 *** START OF CONTROL FILE ECHO ***
 $ sysfield=SCR*(RAW=YES,BUFFIO=YES,wnum=16,wsize=16mb) $(c:/msc.software/patran_x64/20160/mscnastran_files/servermode/conf/nast20160.rcf[1])
 $ sysfield=DBALL(RAW=YES,BUFFIO=YES,wnum=16,wsize=16mb) $(c:/msc.software/patran_x64/20160/mscnastran_files/servermode/conf/nast20160.rcf[2])
 Nastran SYSTEM(444)=6 $(command line[4])
 JID='c:/users/weizhao/documents/paaw/maewing2/updated_fem/maewing2_fem_updates_gridz/sol200_maewing2_fullmodel/maewing2_material_updated_222216636.bdf'
 OUT='./maewing2_material_updated_222216636'
 MEM=96993280      $ WORDS
 MACH='Intel'
 OPER='Windows XP'
 OSV='6.0 6000'
 MODEL='P5-4/7421 (waco)'
 CONFIG=15
 NPROC=12
 symbol=DELDIR='c:/msc.software/patran_x64/20160/mscnastran_files/servermode/msc20160/nast/del' $(program default)
 symbol=DEMODIR='c:/msc.software/patran_x64/20160/mscnastran_files/servermode/msc20160/nast/demo' $(program default)
 symbol=SSSALTERDIR='c:/msc.software/patran_x64/20160/mscnastran_files/servermode/msc20160/nast/sssalter' $(program default)
 symbol=TPLDIR='c:/msc.software/patran_x64/20160/mscnastran_files/servermode/msc20160/nast/tpl' $(program default)
 SDIR='c:/users/weizhao/appdata/local/temp/maewing2_material_updated_222216636.T8836_50'
 DBS='./maewing2_material_updated_222216636'
 SCR='no'
 SMEM=100
 BPOOL=150
 NEWDEL='c:/msc.software/patran_x64/20160/mscnastran_files/servermode/msc20160/win64i4/SSS'
 DEL='MSCDEF'
 AUTH='1701@trinidad.its.vt.edu'
 AUTHQUE=20
 MSGCAT='c:/msc.software/patran_x64/20160/mscnastran_files/servermode/msc20160/win64i4/analysis.msg'
 MSGDEST='f06'
 *** END OF CONTROL FILE ECHO ***

1
 
 
 
 
                      Warning: This computer program is protected by copyright law and international treaties.       
                  Unauthorized use, reproduction or distribution of this computer program, or any portion of it, may 
                                          result in severe civil and criminal penalties.                             
                         Copyright (C) 2016 MSC Software Corporation and its licensors. All rights reserved.         
 
 
                                              * * * * * * * * * * * * * * * * * * * *
                                              * * * * * * * * * * * * * * * * * * * *
                                              * *                                 * *
                                              * *           MSC Software          * *
                                              * *               CORP              * *
                                              * *                                 * *
                                              * *      M S C   N a s t r a n      * *
                                              * *                                 * *
                                              * *                                 * *
                                              * *                                 * *
                                              * *     Version 2016.0.0-CL405538   * *
                                              * *                                 * *
                                              * *                                 * *
                                              * *                                 * *
                                              * *          APR 21, 2016           * *
                                              * *                                 * *
                                              * *              Intel              * *
                                              * *     MODEL P5-4/7421 (waco)      * *
                                              * *       Windows XP 6.0 6000       * *
                                              * *        Compiled for 8664        * *
                                              * *                                 * *
                                              * * * * * * * * * * * * * * * * * * * *
                                              * * * * * * * * * * * * * * * * * * * *
 *** USER WARNING MESSAGE 333 (GETLIN)
     THE BEGIN BULK STATEMENT IS MISSING. A BEGIN BULK STATEMENT WILL BE INSERTED BY THE PROGRAM
1                                                                          NOVEMBER  21, 2017  MSC Nastran  4/21/16   PAGE     1
                                                                                                                                    
0        N A S T R A N    F I L E    A N D    S Y S T E M    P A R A M E T E R    E C H O                                           
0                                                                                                                                   
                                                                                                                                    
                                                                                                                                    
     $ SYSFIELD=SCR*(RAW=YES,BUFFIO=YES,WNUM=16,WSIZE=16MB) $(C:/MSC.SOFTWARE/PATRAN_
     $ SYSFIELD=DBALL(RAW=YES,BUFFIO=YES,WNUM=16,WSIZE=16MB) $(C:/MSC.SOFTWARE/PATRAN
     NASTRAN SYSTEM(444)=6 $(COMMAND LINE[4])                                        
     $                                                                               
     $ ORIGINAL INPUT FILE: C:\USERS\WEIZHAO\DOCUMENTS\PAAW\MAEWING2\UPDATED_FEM\MAEW
     $                                                                               
     NASTRAN  SYSTEM(316)=5 SYSTEM(357)=0                                            
     INIT MASTER, LOGICAL=(MASTER(300000))                                           
1                                                                          NOVEMBER  21, 2017  MSC Nastran  4/21/16   PAGE     2
                                                                                                                                    
0        N A S T R A N    E X E C U T I V E    C O N T R O L    E C H O                                                             
0                                                                                                                                   
                                                                                                                                    
                                                                                                                                    
     SOL NIFIMP3                                                                             
     COMPILE NIFIMP3 NOLIST                                                                  
     (SEE NASTRAN SOURCE PROGRAM COMPILATION FOR LISTING OF DMAP SEQUENCE)
     END $ NIFIMP                                                                            
     ALTER 'IFP1 .*/ICASECC.*' (1), 'IFP1 .*/ICASECC.*' (1) $                                
     IFP1     /ICASECC,IPCDB,IXYCDB,IPOSTCDB,IFORCE,,,                                       
              /S,N,NOGOIFP1/// $                                                             
     CEND                                                                                    
1   PATRAN NIFIMP BDF READER - TITLE                                       NOVEMBER  21, 2017  MSC Nastran  4/21/16   PAGE     3
                                                                                                                                    
0                                                                                                                                   
0                                        C A S E    C O N T R O L    E C H O                                                        
                 COMMAND                                                                                                            
                 COUNT                                                                                                              
                  1      TITLE=PATRAN NIFIMP BDF READER - TITLE                                                  
                  2      ECHO = NONE                                                                             
                  3      $ MATERIAL PROPERTIES FOR MAEWING2                                                      
                  4      $ 101 - CARBON FIBER                                                                    
                  5      $ 102 - FIBERGLASS                                                                      
                  6      $ 11 - HRH-10-1/4-3.1                                                                   
                  7      $ 12 - HRH-10-1/8-3.0                                                                   
                  8      $ UPDATED                                                                               
                  9      $ APRIL-7 DENSITY IS UPDATED FOR FIBER BASED ON CHRIS'S CAD MATERIAL INF        ORMATION
                 10      $                                                                                       
                 11      $ MAT8    101     1.958+7 1.45+6   0.3    7.25+6  7.25+5  7.25+5  .06121                
                 12      $ MAT8    102     5.800+6 1.16+6   0.25   5.802+5 5.802+5 5.802+5 .08116                
                 13      $                                                                                       
                 14      $ MAT8    11      1000.   2000.    0.3    100.    6.500+3 3.53+3  1.736-        3       
                 15      $                                                                                       
                 16      $ MAT8    12      1000.   2000.    0.3    100.    6.500+3 3.53+3  1.736-        3       
                 17      $                                                                                       
                 18      $ DENSITY INCREASES 10% ALL MATERIALS FOR WIRES, GLUES, ETC.                            
                 19      $1......2.......3.......4.......5.......6.......7.......8.......9.......                
                 20      $ YIELDING STRENGTH HAS BEEN DIVIDED BY 1.5                                             
                 21      $ CARBON FIBER                                                                          
                 22      $MAT8    101     8.863+6 8.863+6 .0260   4.397+6 4.397   4.397   .0545                  
                 23      $                                51075.5 51075.5 51075.5 51075.5 1.01+4                 
                 24      $ FIBERGLASS                                                                            
                 25      $MAT8    102     2.965+6 2.965+6  .0468  4.145+5 5.802+5 5.802+5 .07664                 
                 26      $                                17402.6 17402.6 17402.6 17402.6 5.00+3                 
                 27      $ CORE MATERIAL                                                                         
                 28      $MAT8    11      1000.   2000.    0.3    100.    6.500+3 3.53+3  1.910-3                
                 29      $                                1.45+5  8.70+4  4.35+3  1.60+4  5.80+3                 
                 30      $                                0.3                                                    
                 31      $MAT8    12      1000.   2000.    0.3    100.    6.500+3 3.53+3  1.910-3                
                 32      $                                1.45+5  8.70+4  4.35+3  1.60+4  5.80+3                 
                 33                                                                                              
                 34      $$ $ ACPSALES.COM, CF AND EGLASS                 BEEN DIVIDED BY 1.5                    
                 35      $$ $1......2.......3.......4.......5.......6.......7.......8.......9....        ...     
                 36      $$ MAT8    101     8.863+6 8.863+6  0.026  4.397+6 4.397+6 4.397+6 .0545                
                 37      $$                                 58015.1 55114.3 58015.1 55114.3 8702.        26      
                 38      $$ $ FIBERGLASS                                                                         
                 39      $$ MAT8    102     2.965+6 2.965+6  .0468  4.145+5 5.802+5 5.802+5 .0766        4       
                 40      $$                                 42544.4 41094.0 42544.4 41094.0 3867.        68      
                 41      $$ $ CORE MATERIAL                                                                      
                 42      $$ MAT8    11      1000.   2000.    0.3    100.    6.500+3 3.53+3  1.910        -3      
                 43      $$                                 42544.4 41094.0 42544.4 41094.0 3867.        68      
                 44      $1......2.......3.......4.......5.......6.......7.......8.......9.......                
                 45      BEGIN BULK $ GENERATED BY GETLIN                                                        
 *** USER WARNING MESSAGE 112 (SCA.MDSolver.Obj.InputFile.InputFile::read)
The include directory C:\MSC.Software\Patran_x64\20160\mscnastran_files\servermode\msc20160\\nast\\tpl\include is not readable.
 *** USER WARNING MESSAGE 112 (SCA.MDSolver.Obj.InputFile.InputFile::read)
1   PATRAN NIFIMP BDF READER - TITLE                                       NOVEMBER  21, 2017  MSC Nastran  4/21/16   PAGE     4
                                                                                                                                    
0                                                                                                                                   
The include directory C:\MSC.Software\Patran_x64\20160\mscnastran_files\servermode\msc20160\\nast\\tpl\include is not readable.
 *** USER INFORMATION MESSAGE 9991 (SDLWIF)
     Messages are being generated at include level 0.
     File: c:/users/weizhao/documents/paaw/maewing2/updated_fem/maewing2_fem_updates_gridz/sol200_maewing2_fullmodel/maewing2_material_updated_222216636.bdf
 *** USER WARNING MESSAGE 9992 (SDLGTR)
     LINE 2: $ Original input file: C:\Users\weizhao\Documents\PAAW\mAEWing2\updated_FEM\mAEWing2_FEM_updates_GridZ\SOL200_mAEWing2_Fullmodel
     Maxmimum Stream line length exceeded, input length is 158 internal buffer length is 128.

*** USER WARNING MESSAGE (fn: GETLIN)
    The BEGIN BULK statement is missing.
1   PATRAN NIFIMP BDF READER - TITLE                                       NOVEMBER  21, 2017  MSC Nastran  4/21/16   PAGE     5
                                                                                                                                    
0                                                                                                                                   
                                        M O D E L   S U M M A R Y          BULK = 0
                                   ENTRY NAME        NUMBER OF ENTRIES
                                   ----------        -----------------
                                         MAT8                        8

 ^^^     
 ^^^ >>> IFP OPERATIONS COMPLETE <<< 
 ^^^     
